-------------------------------------------------------------------------------
Test set: com.github.ebaptistella.datedatatypejson.server.controller.TransferDataControllerTest
-------------------------------------------------------------------------------
Tests run: 1, Failures: 1, Errors: 0, Skipped: 0, Time elapsed: 2.273 s <<< FAILURE! - in com.github.ebaptistella.datedatatypejson.server.controller.TransferDataControllerTest
getData  Time elapsed: 0.145 s  <<< FAILURE!
java.lang.AssertionError: Range for response status value 404 expected:<SUCCESSFUL> but was:<CLIENT_ERROR>
	at com.github.ebaptistella.datedatatypejson.server.controller.TransferDataControllerTest.getData(TransferDataControllerTest.java:49)

