<?xml version="1.0" encoding="UTF-8"?>
<testsuite xmlns:xsi="http://www.w3.org/2001/XMLSchema-instance" xsi:noNamespaceSchemaLocation="https://maven.apache.org/surefire/maven-surefire-plugin/xsd/surefire-test-report.xsd" name="com.github.ebaptistella.datedatatypejson.server.controller.TransferDataControllerTest" time="2.273" tests="1" errors="0" skipped="0" failures="1">
  <properties>
[...]
</properties>
  <testcase name="getData" classname="com.github.ebaptistella.datedatatypejson.server.controller.TransferDataControllerTest" time="0.145">
    <failure message="Range for response status value 404 expected:&lt;SUCCESSFUL&gt; but was:&lt;CLIENT_ERROR&gt;" type="java.lang.AssertionError"><![CDATA[java.lang.AssertionError: Range for response status value 404 expected:<SUCCESSFUL> but was:<CLIENT_ERROR>
	at com.github.ebaptistella.datedatatypejson.server.controller.TransferDataControllerTest.getData(TransferDataControllerTest.java:49)
]]></failure>
    <system-out><![CDATA[
  .   ____          _            __ _ _
 /\\ / ___'_ __ _ _(_)_ __  __ _ \ \ \ \
( ( )\___ | '_ | '_| | '_ \/ _` | \ \ \ \
 \\/  ___)| |_)| | | | | || (_| |  ) ) ) )
  '  |____| .__|_| |_|_| |_\__, | / / / /
 =========|_|==============|___/=/_/_/_/
&amp#27;[32m :: Spring Boot :: &amp#27;[39m      &amp#27;[2m (v2.2.1.RELEASE)&amp#27;[0;39m

&amp#27;[2m2019-11-27 17:19:50.208&amp#27;[0;39m &amp#27;[32m INFO&amp#27;[0;39m &amp#27;[35m6468&amp#27;[0;39m &amp#27;[2m---&amp#27;[0;39m &amp#27;[2m[           main]&amp#27;[0;39m &amp#27;[36mc.g.e.d.s.c.TransferDataControllerTest  &amp#27;[0;39m &amp#27;[2m:&amp#27;[0;39m Starting TransferDataControllerTest on S0142 with PID 6468 (started by S142 in D:\dsv-git\dsv-java-prototipos\date-datatype-json\server)
&amp#27;[2m2019-11-27 17:19:50.216&amp#27;[0;39m &amp#27;[32mDEBUG&amp#27;[0;39m &amp#27;[35m6468&amp#27;[0;39m &amp#27;[2m---&amp#27;[0;39m &amp#27;[2m[           main]&amp#27;[0;39m &amp#27;[36mc.g.e.d.s.c.TransferDataControllerTest  &amp#27;[0;39m &amp#27;[2m:&amp#27;[0;39m Running with Spring Boot v2.2.1.RELEASE, Spring v5.2.1.RELEASE
&amp#27;[2m2019-11-27 17:19:50.219&amp#27;[0;39m &amp#27;[32m INFO&amp#27;[0;39m &amp#27;[35m6468&amp#27;[0;39m &amp#27;[2m---&amp#27;[0;39m &amp#27;[2m[           main]&amp#27;[0;39m &amp#27;[36mc.g.e.d.s.c.TransferDataControllerTest  &amp#27;[0;39m &amp#27;[2m:&amp#27;[0;39m The following profiles are active: production,development,test
&amp#27;[2m2019-11-27 17:19:51.512&amp#27;[0;39m &amp#27;[32m INFO&amp#27;[0;39m &amp#27;[35m6468&amp#27;[0;39m &amp#27;[2m---&amp#27;[0;39m &amp#27;[2m[           main]&amp#27;[0;39m &amp#27;[36mo.s.s.concurrent.ThreadPoolTaskExecutor &amp#27;[0;39m &amp#27;[2m:&amp#27;[0;39m Initializing ExecutorService 'applicationTaskExecutor'
&amp#27;[2m2019-11-27 17:19:52.049&amp#27;[0;39m &amp#27;[32m INFO&amp#27;[0;39m &amp#27;[35m6468&amp#27;[0;39m &amp#27;[2m---&amp#27;[0;39m &amp#27;[2m[           main]&amp#27;[0;39m &amp#27;[36mo.s.b.t.m.w.SpringBootMockServletContext&amp#27;[0;39m &amp#27;[2m:&amp#27;[0;39m Initializing Spring TestDispatcherServlet ''
&amp#27;[2m2019-11-27 17:19:52.049&amp#27;[0;39m &amp#27;[32m INFO&amp#27;[0;39m &amp#27;[35m6468&amp#27;[0;39m &amp#27;[2m---&amp#27;[0;39m &amp#27;[2m[           main]&amp#27;[0;39m &amp#27;[36mo.s.t.web.servlet.TestDispatcherServlet &amp#27;[0;39m &amp#27;[2m:&amp#27;[0;39m Initializing Servlet ''
&amp#27;[2m2019-11-27 17:19:52.090&amp#27;[0;39m &amp#27;[32m INFO&amp#27;[0;39m &amp#27;[35m6468&amp#27;[0;39m &amp#27;[2m---&amp#27;[0;39m &amp#27;[2m[           main]&amp#27;[0;39m &amp#27;[36mo.s.t.web.servlet.TestDispatcherServlet &amp#27;[0;39m &amp#27;[2m:&amp#27;[0;39m Completed initialization in 27 ms
&amp#27;[2m2019-11-27 17:19:52.124&amp#27;[0;39m &amp#27;[32m INFO&amp#27;[0;39m &amp#27;[35m6468&amp#27;[0;39m &amp#27;[2m---&amp#27;[0;39m &amp#27;[2m[           main]&amp#27;[0;39m &amp#27;[36mc.g.e.d.s.c.TransferDataControllerTest  &amp#27;[0;39m &amp#27;[2m:&amp#27;[0;39m Started TransferDataControllerTest in 2.078 seconds (JVM running for 6.63)
&amp#27;[2m2019-11-27 17:19:52.243&amp#27;[0;39m &amp#27;[33m WARN&amp#27;[0;39m &amp#27;[35m6468&amp#27;[0;39m &amp#27;[2m---&amp#27;[0;39m &amp#27;[2m[           main]&amp#27;[0;39m &amp#27;[36mo.s.web.servlet.PageNotFound            &amp#27;[0;39m &amp#27;[2m:&amp#27;[0;39m No mapping for GET transfer

MockHttpServletRequest:
      HTTP Method = GET
      Request URI = transfer
       Parameters = {}
          Headers = [Content-Type:"application/json", Accept:"application/json"]
             Body = <no character encoding set>
    Session Attrs = {}

Handler:
             Type = null

Async:
    Async started = false
     Async result = null

Resolved Exception:
             Type = null

ModelAndView:
        View name = null
             View = null
            Model = null

FlashMap:
       Attributes = null

MockHttpServletResponse:
           Status = 404
    Error message = null
          Headers = []
     Content type = null
             Body = 
    Forwarded URL = null
   Redirected URL = null
          Cookies = []

MockHttpServletRequest:
      HTTP Method = GET
      Request URI = transfer
       Parameters = {}
          Headers = [Content-Type:"application/json", Accept:"application/json"]
             Body = <no character encoding set>
    Session Attrs = {}

Handler:
             Type = null

Async:
    Async started = false
     Async result = null

Resolved Exception:
             Type = null

ModelAndView:
        View name = null
             View = null
            Model = null

FlashMap:
       Attributes = null

MockHttpServletResponse:
           Status = 404
    Error message = null
          Headers = []
     Content type = null
             Body = 
    Forwarded URL = null
   Redirected URL = null
          Cookies = []
]]></system-out>
  </testcase>
</testsuite>